#
# There is insufficient memory for the Java Runtime Environment to continue.
# Native memory allocation (mmap) failed to map 264241152 bytes for G1 virtual space
# Possible reasons:
#   The system is out of physical RAM or swap space
#   The process is running with CompressedOops enabled, and the Java Heap may be blocking the growth of the native heap
# Possible solutions:
#   Reduce memory load on the system
#   Increase physical memory or swap space
#   Check if swap backing store is full
#   Decrease Java heap size (-Xmx/-Xms)
#   Decrease number of Java threads
#   Decrease Java thread stack sizes (-Xss)
#   Set larger code cache with -XX:ReservedCodeCacheSize=
#   JVM is running with Zero Based Compressed Oops mode in which the Java heap is
#     placed in the first 32GB address space. The Java Heap base address is the
#     maximum limit for the native heap growth. Please use -XX:HeapBaseMinAddress
#     to set the Java Heap base and to place the Java Heap above 32GB virtual address.
# This output file may be truncated or incomplete.
#
#  Out of Memory Error (os_windows.cpp:3548), pid=9512, tid=22956
#
# JRE version:  (17.0.10+11) (build )
# Java VM: Java HotSpot(TM) 64-Bit Server VM (17.0.10+11-LTS-240, mixed mode, emulated-client, sharing, tiered, compressed oops, compressed class ptrs, g1 gc, windows-amd64)
# No core dump will be written. Minidumps are not enabled by default on client versions of Windows
#

---------------  S U M M A R Y ------------

Command Line: -XX:TieredStopAtLevel=1 -Dspring.output.ansi.enabled=always -Dcom.sun.management.jmxremote -Dspring.jmx.enabled=true -Dspring.liveBeansView.mbeanDomain -Dspring.application.admin.enabled=true -Dmanagement.endpoints.jmx.exposure.include=* -javaagent:C:\Program Files\JetBrains\IntelliJ IDEA 2024.1.4\lib\idea_rt.jar=64789:C:\Program Files\JetBrains\IntelliJ IDEA 2024.1.4\bin -Dfile.encoding=UTF-8 pe.edu.upeu.msconfigserver.MsConfigServerApplication

Host: 13th Gen Intel(R) Core(TM) i7-13700, 24 cores, 15G,  Windows 11 , 64 bit Build 26100 (10.0.26100.3775)
Time: Mon May 12 12:19:14 2025 Hora est. Pacífico, Sudamérica elapsed time: 1.037547 seconds (0d 0h 0m 1s)

---------------  T H R E A D  ---------------

Current thread (0x000001737c3fb570):  JavaThread "Unknown thread" [_thread_in_vm, id=22956, stack(0x000000031f700000,0x000000031f800000)]

Stack: [0x000000031f700000,0x000000031f800000]
Native frames: (J=compiled Java code, j=interpreted, Vv=VM code, C=native code)
V  [jvm.dll+0x677a5a]
V  [jvm.dll+0x7d8b2d]
V  [jvm.dll+0x7da48e]
V  [jvm.dll+0x7daaf3]
V  [jvm.dll+0x2455ff]
V  [jvm.dll+0x6749b9]
V  [jvm.dll+0x669382]
V  [jvm.dll+0x302e96]
V  [jvm.dll+0x30a416]
V  [jvm.dll+0x359cbe]
V  [jvm.dll+0x359eef]
V  [jvm.dll+0x2d9e88]
V  [jvm.dll+0x2dadf4]
V  [jvm.dll+0x7aa551]
V  [jvm.dll+0x367911]
V  [jvm.dll+0x789639]
V  [jvm.dll+0x3eb30f]
V  [jvm.dll+0x3ecd91]
C  [jli.dll+0x5297]
C  [ucrtbase.dll+0x37b0]
C  [KERNEL32.DLL+0x2e8d7]
C  [ntdll.dll+0xb14fc]


---------------  P R O C E S S  ---------------

Threads class SMR info:
_java_thread_list=0x00007ff83c3f6a18, length=0, elements={
}

Java Threads: ( => current thread )

Other Threads:
  0x000001737c46abd0 GCTaskThread "GC Thread#0" [stack: 0x000000031f800000,0x000000031f900000] [id=24420]
  0x000001737c417ff0 ConcurrentGCThread "G1 Main Marker" [stack: 0x000000031f900000,0x000000031fa00000] [id=24416]
  0x000001737c47d2b0 ConcurrentGCThread "G1 Conc#0" [stack: 0x000000031fa00000,0x000000031fb00000] [id=23800]

[error occurred during error reporting (printing all threads), id 0xc0000005, EXCEPTION_ACCESS_VIOLATION (0xc0000005) at pc=0x00007ff83bc2aae7]

VM state: not at safepoint (not fully initialized)

VM Mutex/Monitor currently owned by a thread:  ([mutex/lock_event])
[0x000001737c3f80e0] Heap_lock - owner thread: 0x000001737c3fb570

Heap address: 0x0000000704c00000, size: 4020 MB, Compressed Oops mode: Zero based, Oop shift amount: 3

CDS archive(s) mapped at: [0x0000000000000000-0x0000000000000000-0x0000000000000000), size 0, SharedBaseAddress: 0x0000000800000000, ArchiveRelocationMode: 1.
Narrow klass base: 0x0000000000000000, Narrow klass shift: 0, Narrow klass range: 0x0

GC Precious Log:
<Empty>

Heap:
 garbage-first heap   total 0K, used 0K [0x0000000704c00000, 0x0000000800000000)
  region size 2048K, 0 young (0K), 0 survivors (0K)

[error occurred during error reporting (printing heap information), id 0xc0000005, EXCEPTION_ACCESS_VIOLATION (0xc0000005) at pc=0x00007ff83c011249]

GC Heap History (0 events):
No events

Deoptimization events (0 events):
No events

Classes unloaded (0 events):
No events

Classes redefined (0 events):
No events

Internal exceptions (0 events):
No events

VM Operations (0 events):
No events

Events (1 events):
Event: 0.004 Loaded shared library C:\Program Files\Java\jdk-17\bin\java.dll


Dynamic libraries:
0x00007ff627c70000 - 0x00007ff627c80000 	C:\Program Files\Java\jdk-17\bin\java.exe
0x00007ff906600000 - 0x00007ff906860000 	C:\WINDOWS\SYSTEM32\ntdll.dll
0x00007ff904630000 - 0x00007ff9046f7000 	C:\WINDOWS\System32\KERNEL32.DLL
0x00007ff903ab0000 - 0x00007ff903e7a000 	C:\WINDOWS\System32\KERNELBASE.dll
0x00007ff9042b0000 - 0x00007ff9043fb000 	C:\WINDOWS\System32\ucrtbase.dll
0x00007ff8b7910000 - 0x00007ff8b792b000 	C:\Program Files\Java\jdk-17\bin\VCRUNTIME140.dll
0x00007ff8ba6a0000 - 0x00007ff8ba6b9000 	C:\Program Files\Java\jdk-17\bin\jli.dll
0x00007ff904710000 - 0x00007ff9047c2000 	C:\WINDOWS\System32\ADVAPI32.dll
0x00007ff905f90000 - 0x00007ff906039000 	C:\WINDOWS\System32\msvcrt.dll
0x00007ff9052b0000 - 0x00007ff905356000 	C:\WINDOWS\System32\sechost.dll
0x00007ff905360000 - 0x00007ff905476000 	C:\WINDOWS\System32\RPCRT4.dll
0x00007ff9050e0000 - 0x00007ff9052ac000 	C:\WINDOWS\System32\USER32.dll
0x00007ff8e7fb0000 - 0x00007ff8e8247000 	C:\WINDOWS\WinSxS\amd64_microsoft.windows.common-controls_6595b64144ccf1df_6.0.26100.3624_none_3e086962e3345f24\COMCTL32.dll
0x00007ff9038a0000 - 0x00007ff9038c7000 	C:\WINDOWS\System32\win32u.dll
0x00007ff906140000 - 0x00007ff90616a000 	C:\WINDOWS\System32\GDI32.dll
0x00007ff903970000 - 0x00007ff903aa1000 	C:\WINDOWS\System32\gdi32full.dll
0x00007ff903f10000 - 0x00007ff903fb3000 	C:\WINDOWS\System32\msvcp_win.dll
0x00007ff8f7a20000 - 0x00007ff8f7a2b000 	C:\WINDOWS\SYSTEM32\VERSION.dll
0x00007ff905ce0000 - 0x00007ff905d0f000 	C:\WINDOWS\System32\IMM32.DLL
0x00007ff8cba10000 - 0x00007ff8cba1c000 	C:\Program Files\Java\jdk-17\bin\vcruntime140_1.dll
0x00007ff8b1310000 - 0x00007ff8b139e000 	C:\Program Files\Java\jdk-17\bin\msvcp140.dll
0x00007ff83b940000 - 0x00007ff83c51f000 	C:\Program Files\Java\jdk-17\bin\server\jvm.dll
0x00007ff904610000 - 0x00007ff904618000 	C:\WINDOWS\System32\PSAPI.DLL
0x00007ff8e4aa0000 - 0x00007ff8e4aaa000 	C:\WINDOWS\SYSTEM32\WSOCK32.dll
0x00007ff8fb900000 - 0x00007ff8fb936000 	C:\WINDOWS\SYSTEM32\WINMM.dll
0x00007ff904480000 - 0x00007ff9044f4000 	C:\WINDOWS\System32\WS2_32.dll
0x00007ff9025b0000 - 0x00007ff9025ca000 	C:\WINDOWS\SYSTEM32\kernel.appcore.dll
0x00007ff8cb380000 - 0x00007ff8cb38a000 	C:\Program Files\Java\jdk-17\bin\jimage.dll
0x00007ff900e60000 - 0x00007ff9010a1000 	C:\WINDOWS\SYSTEM32\DBGHELP.DLL
0x00007ff906180000 - 0x00007ff906502000 	C:\WINDOWS\System32\combase.dll
0x00007ff904500000 - 0x00007ff9045d6000 	C:\WINDOWS\System32\OLEAUT32.dll
0x00007ff8f7610000 - 0x00007ff8f7649000 	C:\WINDOWS\SYSTEM32\dbgcore.DLL
0x00007ff9038d0000 - 0x00007ff903969000 	C:\WINDOWS\System32\bcryptPrimitives.dll
0x00007ff8cae80000 - 0x00007ff8cae8e000 	C:\Program Files\Java\jdk-17\bin\instrument.dll
0x00007ff8b78e0000 - 0x00007ff8b7905000 	C:\Program Files\Java\jdk-17\bin\java.dll

dbghelp: loaded successfully - version: 4.0.5 - missing functions: none
symbol engine: initialized successfully - sym options: 0x614 - pdb path: .;C:\Program Files\Java\jdk-17\bin;C:\WINDOWS\SYSTEM32;C:\WINDOWS\WinSxS\amd64_microsoft.windows.common-controls_6595b64144ccf1df_6.0.26100.3624_none_3e086962e3345f24;C:\Program Files\Java\jdk-17\bin\server

VM Arguments:
jvm_args: -XX:TieredStopAtLevel=1 -Dspring.output.ansi.enabled=always -Dcom.sun.management.jmxremote -Dspring.jmx.enabled=true -Dspring.liveBeansView.mbeanDomain -Dspring.application.admin.enabled=true -Dmanagement.endpoints.jmx.exposure.include=* -javaagent:C:\Program Files\JetBrains\IntelliJ IDEA 2024.1.4\lib\idea_rt.jar=64789:C:\Program Files\JetBrains\IntelliJ IDEA 2024.1.4\bin -Dfile.encoding=UTF-8 
java_command: pe.edu.upeu.msconfigserver.MsConfigServerApplication
java_class_path (initial): D:\DAD\DAD-2025-1\ms-config-server\target\classes;C:\Users\Datos\.m2\repository\org\springframework\boot\spring-boot-starter-security\3.4.4\spring-boot-starter-security-3.4.4.jar;C:\Users\Datos\.m2\repository\org\springframework\boot\spring-boot-starter\3.4.4\spring-boot-starter-3.4.4.jar;C:\Users\Datos\.m2\repository\org\springframework\boot\spring-boot\3.4.4\spring-boot-3.4.4.jar;C:\Users\Datos\.m2\repository\org\springframework\boot\spring-boot-autoconfigure\3.4.4\spring-boot-autoconfigure-3.4.4.jar;C:\Users\Datos\.m2\repository\org\springframework\boot\spring-boot-starter-logging\3.4.4\spring-boot-starter-logging-3.4.4.jar;C:\Users\Datos\.m2\repository\ch\qos\logback\logback-classic\1.5.18\logback-classic-1.5.18.jar;C:\Users\Datos\.m2\repository\ch\qos\logback\logback-core\1.5.18\logback-core-1.5.18.jar;C:\Users\Datos\.m2\repository\org\apache\logging\log4j\log4j-to-slf4j\2.24.3\log4j-to-slf4j-2.24.3.jar;C:\Users\Datos\.m2\repository\org\apache\logging\log4j\log4j-api\2.24.3\log4j-api-2.24.3.jar;C:\Users\Datos\.m2\repository\org\slf4j\jul-to-slf4j\2.0.17\jul-to-slf4j-2.0.17.jar;C:\Users\Datos\.m2\repository\jakarta\annotation\jakarta.annotation-api\2.1.1\jakarta.annotation-api-2.1.1.jar;C:\Users\Datos\.m2\repository\org\springframework\spring-aop\6.2.5\spring-aop-6.2.5.jar;C:\Users\Datos\.m2\repository\org\springframework\spring-beans\6.2.5\spring-beans-6.2.5.jar;C:\Users\Datos\.m2\repository\org\springframework\security\spring-security-config\6.4.4\spring-security-config-6.4.4.jar;C:\Users\Datos\.m2\repository\org\springframework\spring-context\6.2.5\spring-context-6.2.5.jar;C:\Users\Datos\.m2\repository\org\springframework\security\spring-security-web\6.4.4\spring-security-web-6.4.4.jar;C:\Users\Datos\.m2\repository\org\springframework\spring-expression\6.2.5\spring-expression-6.2.5.jar;C:\Users\Datos\.m2\repository\org\springframework\spring-web\6.2.5\spring-web-6.2.5.jar;C:\Users\Datos\.m2\repository\org\springframework\cloud\spr
Launcher Type: SUN_STANDARD

[Global flags]
     intx CICompilerCount                          = 12                                        {product} {ergonomic}
     uint ConcGCThreads                            = 5                                         {product} {ergonomic}
     uint G1ConcRefinementThreads                  = 18                                        {product} {ergonomic}
   size_t G1HeapRegionSize                         = 2097152                                   {product} {ergonomic}
    uintx GCDrainStackTargetSize                   = 64                                        {product} {ergonomic}
   size_t InitialHeapSize                          = 264241152                                 {product} {ergonomic}
     bool ManagementServer                         = true                                      {product} {command line}
   size_t MarkStackSize                            = 4194304                                   {product} {ergonomic}
   size_t MaxHeapSize                              = 4215275520                                {product} {ergonomic}
   size_t MinHeapDeltaBytes                        = 2097152                                   {product} {ergonomic}
   size_t MinHeapSize                              = 8388608                                   {product} {ergonomic}
    uintx NonProfiledCodeHeapSize                  = 0                                      {pd product} {ergonomic}
     bool ProfileInterpreter                       = false                                  {pd product} {command line}
    uintx ProfiledCodeHeapSize                     = 0                                      {pd product} {ergonomic}
   size_t SoftMaxHeapSize                          = 4215275520                             {manageable} {ergonomic}
     intx TieredStopAtLevel                        = 1                                         {product} {command line}
     bool UseCompressedClassPointers               = true                           {product lp64_product} {ergonomic}
     bool UseCompressedOops                        = true                           {product lp64_product} {ergonomic}
     bool UseG1GC                                  = true                                      {product} {ergonomic}
     bool UseLargePagesIndividualAllocation        = false                                  {pd product} {ergonomic}

Logging:
Log output configuration:
 #0: stdout all=warning uptime,level,tags
 #1: stderr all=off uptime,level,tags

Environment Variables:
PATH=C:\Program Files\Common Files\Oracle\Java\javapath;C:\Program Files (x86)\Common Files\Oracle\Java\javapath;C:\WINDOWS\system32;C:\WINDOWS;C:\WINDOWS\System32\Wbem;C:\WINDOWS\System32\WindowsPowerShell\v1.0\;C:\WINDOWS\System32\OpenSSH\;C:\Program Files\dotnet\;C:\Program Files\MiKTeX\miktex\bin\x64\;C:\Program Files\Git\cmd;C:\Program Files (x86)\Windows Kits\10\Windows Performance Toolkit\;C:\Program Files\apache-maven-3.9.8\bin;C:\Program Files\nodejs\;C:\Program Files (x86)\Microchip\MPLAB C32 Suite\bin;C:\laragon\bin\php\php-8.3.21-nts-Win32-vs16-x64;C:\composer;C:\Users\Datos\AppData\Local\Programs\Python\Python312\Scripts\;C:\Users\Datos\AppData\Local\Programs\Python\Python312\;C:\Users\Datos\AppData\Local\Programs\Python\Launcher\;C:\Users\Datos\AppData\Local\Microsoft\WindowsApps;C:\Users\Datos\AppData\Local\Programs\Microsoft VS Code\bin;C:\Users\Datos\AppData\Roaming\npm;C:\Users\Datos\AppData\Roaming\Composer\vendor\bin
USERNAME=Datos
OS=Windows_NT
PROCESSOR_IDENTIFIER=Intel64 Family 6 Model 183 Stepping 1, GenuineIntel



---------------  S Y S T E M  ---------------

OS:
 Windows 11 , 64 bit Build 26100 (10.0.26100.3775)
OS uptime: 3 days 22:23 hours
Hyper-V role detected

CPU: total 24 (initial active 24) (12 cores per cpu, 2 threads per core) family 6 model 183 stepping 1 microcode 0x129, cx8, cmov, fxsr, ht, mmx, 3dnowpref, sse, sse2, sse3, ssse3, sse4.1, sse4.2, popcnt, lzcnt, tsc, tscinvbit, avx, avx2, aes, erms, clmul, bmi1, bmi2, adx, sha, fma, vzeroupper, clflush, clflushopt, clwb, hv

Memory: 4k page, system-wide physical 16072M (3426M free)
TotalPageFile size 63857M (AvailPageFile size 64M)
current process WorkingSet (physical memory assigned to process): 12M, peak: 12M
current process commit charge ("private bytes"): 76M, peak: 328M

vm_info: Java HotSpot(TM) 64-Bit Server VM (17.0.10+11-LTS-240) for windows-amd64 JRE (17.0.10+11-LTS-240), built on Dec 19 2023 21:47:25 by "mach5one" with MS VC++ 17.1 (VS2022)

END.
